2025-03-20 13:11:15 [main] INFO  io.javalin.Javalin - Starting Javalin ...
2025-03-20 13:11:15 [main] INFO  org.eclipse.jetty.server.Server - jetty-11.0.24; built: 2024-08-26T18:11:22.448Z; git: 5dfc59a691b748796f922208956bd1f2794bcd16; jvm 22.0.1+8-16
2025-03-20 13:11:15 [main] INFO  o.e.j.s.s.DefaultSessionIdManager - Session workerName=node0
2025-03-20 13:11:15 [main] INFO  o.e.j.server.handler.ContextHandler - Started o.e.j.s.ServletContextHandler@59e505b2{/,null,AVAILABLE}
2025-03-20 13:11:15 [main] INFO  o.e.jetty.server.AbstractConnector - Started ServerConnector@5b799640{HTTP/1.1, (http/1.1)}{0.0.0.0:7070}
2025-03-20 13:11:15 [main] INFO  org.eclipse.jetty.server.Server - Started Server@2584b82d{STARTING}[11.0.24,sto=0] @2124ms
2025-03-20 13:11:15 [main] INFO  io.javalin.Javalin - 
       __                  ___           _____
      / /___ __   ______ _/ (_)___      / ___/
 __  / / __ `/ | / / __ `/ / / __ \    / __ \
/ /_/ / /_/ /| |/ / /_/ / / / / / /   / /_/ /
\____/\__,_/ |___/\__,_/_/_/_/ /_/    \____/

       https://javalin.io/documentation

2025-03-20 13:11:15 [main] INFO  io.javalin.Javalin - Javalin started in 552ms \o/
2025-03-20 13:11:15 [main] INFO  io.javalin.Javalin - Listening on http://localhost:7070/
2025-03-20 13:11:15 [main] INFO  io.javalin.Javalin - You are running Javalin 6.5.0 (released March 9, 2025).
2025-03-23 13:01:50 [main] INFO  io.javalin.Javalin - Starting Javalin ...
2025-03-23 13:01:50 [main] INFO  org.eclipse.jetty.server.Server - jetty-11.0.24; built: 2024-08-26T18:11:22.448Z; git: 5dfc59a691b748796f922208956bd1f2794bcd16; jvm 22.0.1+8-16
2025-03-23 13:01:50 [main] INFO  o.e.j.s.s.DefaultSessionIdManager - Session workerName=node0
2025-03-23 13:01:50 [main] INFO  o.e.j.server.handler.ContextHandler - Started o.e.j.s.ServletContextHandler@600b9d27{/,null,AVAILABLE}
2025-03-23 13:01:50 [main] INFO  o.e.jetty.server.AbstractConnector - Started ServerConnector@72c8e7b{HTTP/1.1, (http/1.1)}{0.0.0.0:7070}
2025-03-23 13:01:50 [main] INFO  org.eclipse.jetty.server.Server - Started Server@1e4f4a5c{STARTING}[11.0.24,sto=0] @1795ms
2025-03-23 13:01:50 [main] INFO  io.javalin.Javalin - 
       __                  ___           _____
      / /___ __   ______ _/ (_)___      / ___/
 __  / / __ `/ | / / __ `/ / / __ \    / __ \
/ /_/ / /_/ /| |/ / /_/ / / / / / /   / /_/ /
\____/\__,_/ |___/\__,_/_/_/_/ /_/    \____/

       https://javalin.io/documentation

2025-03-23 13:01:50 [main] INFO  io.javalin.Javalin - Javalin started in 449ms \o/
2025-03-23 13:01:50 [main] INFO  io.javalin.Javalin - Listening on http://localhost:7070/
2025-03-23 13:01:50 [main] INFO  io.javalin.Javalin - You are running Javalin 6.5.0 (released March 9, 2025).
2025-03-23 13:02:23 [JettyServerThreadPool-32] INFO  o.r.controllers.UserController - New user registered with mail: firts@mail.com
2025-03-23 13:02:51 [JettyServerThreadPool-25] WARN  o.r.controllers.UserController - user login error 0
2025-03-23 13:06:07 [main] INFO  io.javalin.Javalin - Starting Javalin ...
2025-03-23 13:06:07 [main] INFO  org.eclipse.jetty.server.Server - jetty-11.0.24; built: 2024-08-26T18:11:22.448Z; git: 5dfc59a691b748796f922208956bd1f2794bcd16; jvm 22.0.1+8-16
2025-03-23 13:06:07 [main] INFO  o.e.j.s.s.DefaultSessionIdManager - Session workerName=node0
2025-03-23 13:06:07 [main] INFO  o.e.j.server.handler.ContextHandler - Started o.e.j.s.ServletContextHandler@1e8b7643{/,null,AVAILABLE}
2025-03-23 13:06:07 [main] INFO  o.e.jetty.server.AbstractConnector - Started ServerConnector@5c7933ad{HTTP/1.1, (http/1.1)}{0.0.0.0:7070}
2025-03-23 13:06:07 [main] INFO  org.eclipse.jetty.server.Server - Started Server@7486b455{STARTING}[11.0.24,sto=0] @1275ms
2025-03-23 13:06:07 [main] INFO  io.javalin.Javalin - 
       __                  ___           _____
      / /___ __   ______ _/ (_)___      / ___/
 __  / / __ `/ | / / __ `/ / / __ \    / __ \
/ /_/ / /_/ /| |/ / /_/ / / / / / /   / /_/ /
\____/\__,_/ |___/\__,_/_/_/_/ /_/    \____/

       https://javalin.io/documentation

2025-03-23 13:06:07 [main] INFO  io.javalin.Javalin - Javalin started in 443ms \o/
2025-03-23 13:06:07 [main] INFO  io.javalin.Javalin - Listening on http://localhost:7070/
2025-03-23 13:06:07 [main] INFO  io.javalin.Javalin - You are running Javalin 6.5.0 (released March 9, 2025).
2025-03-23 13:06:13 [JettyServerThreadPool-28] WARN  o.r.controllers.UserController - user login error 0
2025-03-23 13:08:17 [main] INFO  io.javalin.Javalin - Starting Javalin ...
2025-03-23 13:08:17 [main] INFO  org.eclipse.jetty.server.Server - jetty-11.0.24; built: 2024-08-26T18:11:22.448Z; git: 5dfc59a691b748796f922208956bd1f2794bcd16; jvm 22.0.1+8-16
2025-03-23 13:08:17 [main] INFO  o.e.j.s.s.DefaultSessionIdManager - Session workerName=node0
2025-03-23 13:08:17 [main] INFO  o.e.j.server.handler.ContextHandler - Started o.e.j.s.ServletContextHandler@51549490{/,null,AVAILABLE}
2025-03-23 13:08:17 [main] INFO  o.e.jetty.server.AbstractConnector - Started ServerConnector@4b8d604b{HTTP/1.1, (http/1.1)}{0.0.0.0:7070}
2025-03-23 13:08:17 [main] INFO  org.eclipse.jetty.server.Server - Started Server@5efa40fe{STARTING}[11.0.24,sto=0] @1270ms
2025-03-23 13:08:17 [main] INFO  io.javalin.Javalin - 
       __                  ___           _____
      / /___ __   ______ _/ (_)___      / ___/
 __  / / __ `/ | / / __ `/ / / __ \    / __ \
/ /_/ / /_/ /| |/ / /_/ / / / / / /   / /_/ /
\____/\__,_/ |___/\__,_/_/_/_/ /_/    \____/

       https://javalin.io/documentation

2025-03-23 13:08:17 [main] INFO  io.javalin.Javalin - Javalin started in 418ms \o/
2025-03-23 13:08:17 [main] INFO  io.javalin.Javalin - Listening on http://localhost:7070/
2025-03-23 13:08:17 [main] INFO  io.javalin.Javalin - You are running Javalin 6.5.0 (released March 9, 2025).
2025-03-23 13:08:22 [JettyServerThreadPool-32] INFO  o.r.controllers.UserController - user login successfully firts@mail.com
2025-03-23 13:09:32 [JettyServerThreadPool-30] INFO  o.r.controllers.UserController - user update successfully 4
2025-03-23 13:10:08 [JettyServerThreadPool-30] INFO  o.r.controllers.UserController - Product found successfully V8 - Vegetable Cocktail
2025-03-23 14:09:42 [JettyServerThreadPool-30] WARN  o.r.controllers.UserController - Cart item not added 0
2025-03-23 14:09:55 [main] INFO  io.javalin.Javalin - Starting Javalin ...
2025-03-23 14:09:55 [main] INFO  org.eclipse.jetty.server.Server - jetty-11.0.24; built: 2024-08-26T18:11:22.448Z; git: 5dfc59a691b748796f922208956bd1f2794bcd16; jvm 22.0.1+8-16
2025-03-23 14:09:55 [main] INFO  o.e.j.s.s.DefaultSessionIdManager - Session workerName=node0
2025-03-23 14:09:55 [main] INFO  o.e.j.server.handler.ContextHandler - Started o.e.j.s.ServletContextHandler@babafc2{/,null,AVAILABLE}
2025-03-23 14:09:56 [main] INFO  o.e.jetty.server.AbstractConnector - Started ServerConnector@f1da57d{HTTP/1.1, (http/1.1)}{0.0.0.0:7070}
2025-03-23 14:09:56 [main] INFO  org.eclipse.jetty.server.Server - Started Server@24c1b2d2{STARTING}[11.0.24,sto=0] @1425ms
2025-03-23 14:09:56 [main] INFO  io.javalin.Javalin - 
       __                  ___           _____
      / /___ __   ______ _/ (_)___      / ___/
 __  / / __ `/ | / / __ `/ / / __ \    / __ \
/ /_/ / /_/ /| |/ / /_/ / / / / / /   / /_/ /
\____/\__,_/ |___/\__,_/_/_/_/ /_/    \____/

       https://javalin.io/documentation

2025-03-23 14:09:56 [main] INFO  io.javalin.Javalin - Javalin started in 459ms \o/
2025-03-23 14:09:56 [main] INFO  io.javalin.Javalin - Listening on http://localhost:7070/
2025-03-23 14:09:56 [main] INFO  io.javalin.Javalin - You are running Javalin 6.5.0 (released March 9, 2025).
2025-03-23 14:10:07 [JettyServerThreadPool-25] WARN  o.r.controllers.UserController - user login error 0
2025-03-23 14:10:19 [JettyServerThreadPool-31] INFO  o.r.controllers.UserController - user login successfully firts@mail.com
2025-03-23 14:10:31 [JettyServerThreadPool-30] WARN  io.javalin.Javalin - Uncaught exception
java.lang.NullPointerException: Cannot invoke "org.revature.services.ProductService.getProductById(int)" because "productDAO" is null
	at org.revature.services.CartItemService.addCartItem(CartItemService.java:24)
	at org.revature.controllers.CartItemController.postCartItemHandler(CartItemController.java:28)
	at io.javalin.router.Endpoint.handle(Endpoint.kt:52)
	at io.javalin.router.ParsedEndpoint.handle(ParsedEndpoint.kt:15)
	at io.javalin.http.servlet.DefaultTasks.HTTP$lambda$9$lambda$7$lambda$6(DefaultTasks.kt:52)
	at io.javalin.http.servlet.JavalinServlet.handleTask(JavalinServlet.kt:99)
	at io.javalin.http.servlet.JavalinServlet.handleSync(JavalinServlet.kt:64)
	at io.javalin.http.servlet.JavalinServlet.handle(JavalinServlet.kt:50)
	at io.javalin.http.servlet.JavalinServlet.service(JavalinServlet.kt:30)
	at jakarta.servlet.http.HttpServlet.service(HttpServlet.java:587)
	at io.javalin.jetty.JavalinJettyServlet.service(JavalinJettyServlet.kt:52)
	at jakarta.servlet.http.HttpServlet.service(HttpServlet.java:587)
	at org.eclipse.jetty.servlet.ServletHolder.handle(ServletHolder.java:764)
	at org.eclipse.jetty.servlet.ServletHandler.doHandle(ServletHandler.java:529)
	at org.eclipse.jetty.server.handler.ScopedHandler.nextHandle(ScopedHandler.java:221)
	at org.eclipse.jetty.server.session.SessionHandler.doHandle(SessionHandler.java:1580)
	at org.eclipse.jetty.server.handler.ScopedHandler.nextHandle(ScopedHandler.java:221)
	at org.eclipse.jetty.server.handler.ContextHandler.doHandle(ContextHandler.java:1381)
	at org.eclipse.jetty.server.handler.ScopedHandler.nextScope(ScopedHandler.java:176)
	at org.eclipse.jetty.servlet.ServletHandler.doScope(ServletHandler.java:484)
	at org.eclipse.jetty.server.session.SessionHandler.doScope(SessionHandler.java:1553)
	at org.eclipse.jetty.server.handler.ScopedHandler.nextScope(ScopedHandler.java:174)
	at org.eclipse.jetty.server.handler.ContextHandler.doScope(ContextHandler.java:1303)
	at org.eclipse.jetty.server.handler.ScopedHandler.handle(ScopedHandler.java:129)
	at org.eclipse.jetty.server.handler.StatisticsHandler.handle(StatisticsHandler.java:173)
	at org.eclipse.jetty.server.handler.HandlerWrapper.handle(HandlerWrapper.java:122)
	at org.eclipse.jetty.server.Server.handle(Server.java:563)
	at org.eclipse.jetty.server.HttpChannel$RequestDispatchable.dispatch(HttpChannel.java:1598)
	at org.eclipse.jetty.server.HttpChannel.dispatch(HttpChannel.java:753)
	at org.eclipse.jetty.server.HttpChannel.handle(HttpChannel.java:501)
	at org.eclipse.jetty.server.HttpConnection.onFillable(HttpConnection.java:287)
	at org.eclipse.jetty.io.AbstractConnection$ReadCallback.succeeded(AbstractConnection.java:314)
	at org.eclipse.jetty.io.FillInterest.fillable(FillInterest.java:100)
	at org.eclipse.jetty.io.SelectableChannelEndPoint$1.run(SelectableChannelEndPoint.java:53)
	at org.eclipse.jetty.util.thread.strategy.AdaptiveExecutionStrategy.runTask(AdaptiveExecutionStrategy.java:421)
	at org.eclipse.jetty.util.thread.strategy.AdaptiveExecutionStrategy.consumeTask(AdaptiveExecutionStrategy.java:390)
	at org.eclipse.jetty.util.thread.strategy.AdaptiveExecutionStrategy.tryProduce(AdaptiveExecutionStrategy.java:277)
	at org.eclipse.jetty.util.thread.strategy.AdaptiveExecutionStrategy.run(AdaptiveExecutionStrategy.java:199)
	at org.eclipse.jetty.util.thread.ReservedThreadExecutor$ReservedThread.run(ReservedThreadExecutor.java:411)
	at org.eclipse.jetty.util.thread.QueuedThreadPool.runJob(QueuedThreadPool.java:969)
	at org.eclipse.jetty.util.thread.QueuedThreadPool$Runner.doRunJob(QueuedThreadPool.java:1194)
	at org.eclipse.jetty.util.thread.QueuedThreadPool$Runner.run(QueuedThreadPool.java:1149)
	at java.base/java.lang.Thread.run(Thread.java:1570)
2025-03-23 14:12:57 [main] INFO  io.javalin.Javalin - Starting Javalin ...
2025-03-23 14:12:57 [main] INFO  org.eclipse.jetty.server.Server - jetty-11.0.24; built: 2024-08-26T18:11:22.448Z; git: 5dfc59a691b748796f922208956bd1f2794bcd16; jvm 22.0.1+8-16
2025-03-23 14:12:57 [main] INFO  o.e.j.s.s.DefaultSessionIdManager - Session workerName=node0
2025-03-23 14:12:57 [main] INFO  o.e.j.server.handler.ContextHandler - Started o.e.j.s.ServletContextHandler@600b9d27{/,null,AVAILABLE}
2025-03-23 14:12:57 [main] INFO  o.e.jetty.server.AbstractConnector - Started ServerConnector@72c8e7b{HTTP/1.1, (http/1.1)}{0.0.0.0:7070}
2025-03-23 14:12:57 [main] INFO  org.eclipse.jetty.server.Server - Started Server@1e4f4a5c{STARTING}[11.0.24,sto=0] @1722ms
2025-03-23 14:12:57 [main] INFO  io.javalin.Javalin - 
       __                  ___           _____
      / /___ __   ______ _/ (_)___      / ___/
 __  / / __ `/ | / / __ `/ / / __ \    / __ \
/ /_/ / /_/ /| |/ / /_/ / / / / / /   / /_/ /
\____/\__,_/ |___/\__,_/_/_/_/ /_/    \____/

       https://javalin.io/documentation

2025-03-23 14:12:57 [main] INFO  io.javalin.Javalin - Javalin started in 565ms \o/
2025-03-23 14:12:57 [main] INFO  io.javalin.Javalin - Listening on http://localhost:7070/
2025-03-23 14:12:57 [main] INFO  io.javalin.Javalin - You are running Javalin 6.5.0 (released March 9, 2025).
2025-03-23 14:13:00 [main] INFO  io.javalin.Javalin - Starting Javalin ...
2025-03-23 14:13:00 [main] INFO  org.eclipse.jetty.server.Server - jetty-11.0.24; built: 2024-08-26T18:11:22.448Z; git: 5dfc59a691b748796f922208956bd1f2794bcd16; jvm 22.0.1+8-16
2025-03-23 14:13:00 [main] ERROR io.javalin.Javalin - Failed to start Javalin
2025-03-23 14:13:00 [main] INFO  org.eclipse.jetty.server.Server - Stopped Server@38145825{STOPPING}[11.0.24,sto=0]
2025-03-23 14:15:22 [main] INFO  io.javalin.Javalin - Starting Javalin ...
2025-03-23 14:15:22 [main] INFO  org.eclipse.jetty.server.Server - jetty-11.0.24; built: 2024-08-26T18:11:22.448Z; git: 5dfc59a691b748796f922208956bd1f2794bcd16; jvm 22.0.1+8-16
2025-03-23 14:15:22 [main] INFO  o.e.j.s.s.DefaultSessionIdManager - Session workerName=node0
2025-03-23 14:15:22 [main] INFO  o.e.j.server.handler.ContextHandler - Started o.e.j.s.ServletContextHandler@457c9034{/,null,AVAILABLE}
2025-03-23 14:15:22 [main] INFO  o.e.jetty.server.AbstractConnector - Started ServerConnector@5b7a7f33{HTTP/1.1, (http/1.1)}{0.0.0.0:7070}
2025-03-23 14:15:22 [main] INFO  org.eclipse.jetty.server.Server - Started Server@1df8da7a{STARTING}[11.0.24,sto=0] @1718ms
2025-03-23 14:15:22 [main] INFO  io.javalin.Javalin - 
       __                  ___           _____
      / /___ __   ______ _/ (_)___      / ___/
 __  / / __ `/ | / / __ `/ / / __ \    / __ \
/ /_/ / /_/ /| |/ / /_/ / / / / / /   / /_/ /
\____/\__,_/ |___/\__,_/_/_/_/ /_/    \____/

       https://javalin.io/documentation

2025-03-23 14:15:22 [main] INFO  io.javalin.Javalin - Javalin started in 413ms \o/
2025-03-23 14:15:22 [main] INFO  io.javalin.Javalin - Listening on http://localhost:7070/
2025-03-23 14:15:22 [main] INFO  io.javalin.Javalin - You are running Javalin 6.5.0 (released March 9, 2025).
2025-03-23 14:15:40 [JettyServerThreadPool-25] INFO  o.r.controllers.UserController - user login successfully firts@mail.com
2025-03-23 14:15:47 [JettyServerThreadPool-31] WARN  org.revature.repos.ProductDAO - Product not found or out of stock
2025-03-23 14:15:47 [JettyServerThreadPool-31] WARN  io.javalin.Javalin - Uncaught exception
java.lang.NullPointerException: Cannot invoke "org.revature.models.Product.getStock()" because "product" is null
	at org.revature.services.CartItemService.addCartItem(CartItemService.java:28)
	at org.revature.controllers.CartItemController.postCartItemHandler(CartItemController.java:28)
	at io.javalin.router.Endpoint.handle(Endpoint.kt:52)
	at io.javalin.router.ParsedEndpoint.handle(ParsedEndpoint.kt:15)
	at io.javalin.http.servlet.DefaultTasks.HTTP$lambda$9$lambda$7$lambda$6(DefaultTasks.kt:52)
	at io.javalin.http.servlet.JavalinServlet.handleTask(JavalinServlet.kt:99)
	at io.javalin.http.servlet.JavalinServlet.handleSync(JavalinServlet.kt:64)
	at io.javalin.http.servlet.JavalinServlet.handle(JavalinServlet.kt:50)
	at io.javalin.http.servlet.JavalinServlet.service(JavalinServlet.kt:30)
	at jakarta.servlet.http.HttpServlet.service(HttpServlet.java:587)
	at io.javalin.jetty.JavalinJettyServlet.service(JavalinJettyServlet.kt:52)
	at jakarta.servlet.http.HttpServlet.service(HttpServlet.java:587)
	at org.eclipse.jetty.servlet.ServletHolder.handle(ServletHolder.java:764)
	at org.eclipse.jetty.servlet.ServletHandler.doHandle(ServletHandler.java:529)
	at org.eclipse.jetty.server.handler.ScopedHandler.nextHandle(ScopedHandler.java:221)
	at org.eclipse.jetty.server.session.SessionHandler.doHandle(SessionHandler.java:1580)
	at org.eclipse.jetty.server.handler.ScopedHandler.nextHandle(ScopedHandler.java:221)
	at org.eclipse.jetty.server.handler.ContextHandler.doHandle(ContextHandler.java:1381)
	at org.eclipse.jetty.server.handler.ScopedHandler.nextScope(ScopedHandler.java:176)
	at org.eclipse.jetty.servlet.ServletHandler.doScope(ServletHandler.java:484)
	at org.eclipse.jetty.server.session.SessionHandler.doScope(SessionHandler.java:1553)
	at org.eclipse.jetty.server.handler.ScopedHandler.nextScope(ScopedHandler.java:174)
	at org.eclipse.jetty.server.handler.ContextHandler.doScope(ContextHandler.java:1303)
	at org.eclipse.jetty.server.handler.ScopedHandler.handle(ScopedHandler.java:129)
	at org.eclipse.jetty.server.handler.StatisticsHandler.handle(StatisticsHandler.java:173)
	at org.eclipse.jetty.server.handler.HandlerWrapper.handle(HandlerWrapper.java:122)
	at org.eclipse.jetty.server.Server.handle(Server.java:563)
	at org.eclipse.jetty.server.HttpChannel$RequestDispatchable.dispatch(HttpChannel.java:1598)
	at org.eclipse.jetty.server.HttpChannel.dispatch(HttpChannel.java:753)
	at org.eclipse.jetty.server.HttpChannel.handle(HttpChannel.java:501)
	at org.eclipse.jetty.server.HttpConnection.onFillable(HttpConnection.java:287)
	at org.eclipse.jetty.io.AbstractConnection$ReadCallback.succeeded(AbstractConnection.java:314)
	at org.eclipse.jetty.io.FillInterest.fillable(FillInterest.java:100)
	at org.eclipse.jetty.io.SelectableChannelEndPoint$1.run(SelectableChannelEndPoint.java:53)
	at org.eclipse.jetty.util.thread.strategy.AdaptiveExecutionStrategy.runTask(AdaptiveExecutionStrategy.java:421)
	at org.eclipse.jetty.util.thread.strategy.AdaptiveExecutionStrategy.consumeTask(AdaptiveExecutionStrategy.java:390)
	at org.eclipse.jetty.util.thread.strategy.AdaptiveExecutionStrategy.tryProduce(AdaptiveExecutionStrategy.java:277)
	at org.eclipse.jetty.util.thread.strategy.AdaptiveExecutionStrategy.run(AdaptiveExecutionStrategy.java:199)
	at org.eclipse.jetty.util.thread.ReservedThreadExecutor$ReservedThread.run(ReservedThreadExecutor.java:411)
	at org.eclipse.jetty.util.thread.QueuedThreadPool.runJob(QueuedThreadPool.java:969)
	at org.eclipse.jetty.util.thread.QueuedThreadPool$Runner.doRunJob(QueuedThreadPool.java:1194)
	at org.eclipse.jetty.util.thread.QueuedThreadPool$Runner.run(QueuedThreadPool.java:1149)
	at java.base/java.lang.Thread.run(Thread.java:1570)
2025-03-23 14:17:40 [main] INFO  io.javalin.Javalin - Starting Javalin ...
2025-03-23 14:17:40 [main] INFO  org.eclipse.jetty.server.Server - jetty-11.0.24; built: 2024-08-26T18:11:22.448Z; git: 5dfc59a691b748796f922208956bd1f2794bcd16; jvm 22.0.1+8-16
2025-03-23 14:17:41 [main] INFO  o.e.j.s.s.DefaultSessionIdManager - Session workerName=node0
2025-03-23 14:17:41 [main] INFO  o.e.j.server.handler.ContextHandler - Started o.e.j.s.ServletContextHandler@73d983ea{/,null,AVAILABLE}
2025-03-23 14:17:41 [main] INFO  o.e.jetty.server.AbstractConnector - Started ServerConnector@4b8d604b{HTTP/1.1, (http/1.1)}{0.0.0.0:7070}
2025-03-23 14:17:41 [main] INFO  org.eclipse.jetty.server.Server - Started Server@5efa40fe{STARTING}[11.0.24,sto=0] @1241ms
2025-03-23 14:17:41 [main] INFO  io.javalin.Javalin - 
       __                  ___           _____
      / /___ __   ______ _/ (_)___      / ___/
 __  / / __ `/ | / / __ `/ / / __ \    / __ \
/ /_/ / /_/ /| |/ / /_/ / / / / / /   / /_/ /
\____/\__,_/ |___/\__,_/_/_/_/ /_/    \____/

       https://javalin.io/documentation

2025-03-23 14:17:41 [main] INFO  io.javalin.Javalin - Javalin started in 409ms \o/
2025-03-23 14:17:41 [main] INFO  io.javalin.Javalin - Listening on http://localhost:7070/
2025-03-23 14:17:41 [main] INFO  io.javalin.Javalin - You are running Javalin 6.5.0 (released March 9, 2025).
2025-03-23 14:17:48 [JettyServerThreadPool-32] INFO  o.r.controllers.UserController - user login successfully firts@mail.com
2025-03-23 14:17:52 [JettyServerThreadPool-27] WARN  org.revature.repos.ProductDAO - Product not found or out of stock
2025-03-23 14:17:52 [JettyServerThreadPool-27] WARN  o.revature.services.CartItemService - CartItemService Product not found 2
2025-03-23 14:17:52 [JettyServerThreadPool-27] WARN  o.r.controllers.UserController - Cart item not added 0
2025-03-23 14:25:36 [JettyServerThreadPool-29] WARN  o.r.controllers.UserController - Cart item not added 0
2025-03-23 14:27:05 [main] INFO  io.javalin.Javalin - Starting Javalin ...
2025-03-23 14:27:05 [main] INFO  org.eclipse.jetty.server.Server - jetty-11.0.24; built: 2024-08-26T18:11:22.448Z; git: 5dfc59a691b748796f922208956bd1f2794bcd16; jvm 22.0.1+8-16
2025-03-23 14:27:06 [main] INFO  o.e.j.s.s.DefaultSessionIdManager - Session workerName=node0
2025-03-23 14:27:06 [main] INFO  o.e.j.server.handler.ContextHandler - Started o.e.j.s.ServletContextHandler@51549490{/,null,AVAILABLE}
2025-03-23 14:27:06 [main] INFO  o.e.jetty.server.AbstractConnector - Started ServerConnector@4b8d604b{HTTP/1.1, (http/1.1)}{0.0.0.0:7070}
2025-03-23 14:27:06 [main] INFO  org.eclipse.jetty.server.Server - Started Server@5efa40fe{STARTING}[11.0.24,sto=0] @1299ms
2025-03-23 14:27:06 [main] INFO  io.javalin.Javalin - 
       __                  ___           _____
      / /___ __   ______ _/ (_)___      / ___/
 __  / / __ `/ | / / __ `/ / / __ \    / __ \
/ /_/ / /_/ /| |/ / /_/ / / / / / /   / /_/ /
\____/\__,_/ |___/\__,_/_/_/_/ /_/    \____/

       https://javalin.io/documentation

2025-03-23 14:27:06 [main] INFO  io.javalin.Javalin - Javalin started in 427ms \o/
2025-03-23 14:27:06 [main] INFO  io.javalin.Javalin - Listening on http://localhost:7070/
2025-03-23 14:27:06 [main] INFO  io.javalin.Javalin - You are running Javalin 6.5.0 (released March 9, 2025).
2025-03-23 14:38:10 [main] INFO  io.javalin.Javalin - Starting Javalin ...
2025-03-23 14:38:10 [main] INFO  org.eclipse.jetty.server.Server - jetty-11.0.24; built: 2024-08-26T18:11:22.448Z; git: 5dfc59a691b748796f922208956bd1f2794bcd16; jvm 22.0.1+8-16
2025-03-23 14:38:10 [main] INFO  o.e.j.s.s.DefaultSessionIdManager - Session workerName=node0
2025-03-23 14:38:10 [main] INFO  o.e.j.server.handler.ContextHandler - Started o.e.j.s.ServletContextHandler@50de186c{/,null,AVAILABLE}
2025-03-23 14:38:10 [main] INFO  o.e.jetty.server.AbstractConnector - Started ServerConnector@5c7933ad{HTTP/1.1, (http/1.1)}{0.0.0.0:7070}
2025-03-23 14:38:10 [main] INFO  org.eclipse.jetty.server.Server - Started Server@7486b455{STARTING}[11.0.24,sto=0] @1388ms
2025-03-23 14:38:10 [main] INFO  io.javalin.Javalin - 
       __                  ___           _____
      / /___ __   ______ _/ (_)___      / ___/
 __  / / __ `/ | / / __ `/ / / __ \    / __ \
/ /_/ / /_/ /| |/ / /_/ / / / / / /   / /_/ /
\____/\__,_/ |___/\__,_/_/_/_/ /_/    \____/

       https://javalin.io/documentation

2025-03-23 14:38:10 [main] INFO  io.javalin.Javalin - Javalin started in 478ms \o/
2025-03-23 14:38:10 [main] INFO  io.javalin.Javalin - Listening on http://localhost:7070/
2025-03-23 14:38:10 [main] INFO  io.javalin.Javalin - You are running Javalin 6.5.0 (released March 9, 2025).
2025-03-23 14:38:20 [JettyServerThreadPool-32] INFO  o.r.controllers.UserController - user login successfully firts@mail.com
2025-03-23 14:38:27 [JettyServerThreadPool-25] INFO  o.r.controllers.UserController - Cart item added successfully 0
2025-03-23 14:39:02 [JettyServerThreadPool-31] INFO  o.r.controllers.UserController - Cart item added successfully 0
2025-03-23 14:42:39 [main] INFO  io.javalin.Javalin - Starting Javalin ...
2025-03-23 14:42:39 [main] INFO  org.eclipse.jetty.server.Server - jetty-11.0.24; built: 2024-08-26T18:11:22.448Z; git: 5dfc59a691b748796f922208956bd1f2794bcd16; jvm 22.0.1+8-16
2025-03-23 14:42:39 [main] INFO  o.e.j.s.s.DefaultSessionIdManager - Session workerName=node0
2025-03-23 14:42:39 [main] INFO  o.e.j.server.handler.ContextHandler - Started o.e.j.s.ServletContextHandler@73d983ea{/,null,AVAILABLE}
2025-03-23 14:42:39 [main] INFO  o.e.jetty.server.AbstractConnector - Started ServerConnector@4b8d604b{HTTP/1.1, (http/1.1)}{0.0.0.0:7070}
2025-03-23 14:42:39 [main] INFO  org.eclipse.jetty.server.Server - Started Server@5efa40fe{STARTING}[11.0.24,sto=0] @1258ms
2025-03-23 14:42:39 [main] INFO  io.javalin.Javalin - 
       __                  ___           _____
      / /___ __   ______ _/ (_)___      / ___/
 __  / / __ `/ | / / __ `/ / / __ \    / __ \
/ /_/ / /_/ /| |/ / /_/ / / / / / /   / /_/ /
\____/\__,_/ |___/\__,_/_/_/_/ /_/    \____/

       https://javalin.io/documentation

2025-03-23 14:42:39 [main] INFO  io.javalin.Javalin - Javalin started in 419ms \o/
2025-03-23 14:42:39 [main] INFO  io.javalin.Javalin - Listening on http://localhost:7070/
2025-03-23 14:42:39 [main] INFO  io.javalin.Javalin - You are running Javalin 6.5.0 (released March 9, 2025).
2025-03-23 14:42:45 [JettyServerThreadPool-29] INFO  o.r.controllers.UserController - user login successfully firts@mail.com
2025-03-23 15:17:36 [JettyServerThreadPool-31] INFO  o.r.controllers.UserController - New user registered with mail: sec@mail.com
2025-03-23 15:17:56 [JettyServerThreadPool-28] INFO  o.r.controllers.UserController - user login successfully sec@mail.com
2025-03-23 15:19:22 [JettyServerThreadPool-25] INFO  o.r.controllers.UserController - Product updated successfully V8 - Vegetable Cocktail
2025-03-23 15:19:34 [JettyServerThreadPool-28] INFO  o.r.controllers.UserController - Product found successfully V8 - Vegetable Cocktail
2025-03-23 15:20:53 [JettyServerThreadPool-28] INFO  o.r.controllers.UserController - user login successfully sec@mail.com
2025-03-23 15:22:02 [JettyServerThreadPool-28] INFO  o.r.controllers.UserController - Product added successfully Chile habanero
2025-03-23 15:23:00 [main] INFO  io.javalin.Javalin - Starting Javalin ...
2025-03-23 15:23:00 [main] INFO  org.eclipse.jetty.server.Server - jetty-11.0.24; built: 2024-08-26T18:11:22.448Z; git: 5dfc59a691b748796f922208956bd1f2794bcd16; jvm 22.0.1+8-16
2025-03-23 15:23:01 [main] INFO  o.e.j.s.s.DefaultSessionIdManager - Session workerName=node0
2025-03-23 15:23:01 [main] INFO  o.e.j.server.handler.ContextHandler - Started o.e.j.s.ServletContextHandler@432038ec{/,null,AVAILABLE}
2025-03-23 15:23:01 [main] INFO  o.e.jetty.server.AbstractConnector - Started ServerConnector@2dfaea86{HTTP/1.1, (http/1.1)}{0.0.0.0:7070}
2025-03-23 15:23:01 [main] INFO  org.eclipse.jetty.server.Server - Started Server@49c90a9c{STARTING}[11.0.24,sto=0] @1362ms
2025-03-23 15:23:01 [main] INFO  io.javalin.Javalin - 
       __                  ___           _____
      / /___ __   ______ _/ (_)___      / ___/
 __  / / __ `/ | / / __ `/ / / __ \    / __ \
/ /_/ / /_/ /| |/ / /_/ / / / / / /   / /_/ /
\____/\__,_/ |___/\__,_/_/_/_/ /_/    \____/

       https://javalin.io/documentation

2025-03-23 15:23:01 [main] INFO  io.javalin.Javalin - Javalin started in 446ms \o/
2025-03-23 15:23:01 [main] INFO  io.javalin.Javalin - Listening on http://localhost:7070/
2025-03-23 15:23:01 [main] INFO  io.javalin.Javalin - You are running Javalin 6.5.0 (released March 9, 2025).
2025-03-23 15:23:11 [JettyServerThreadPool-31] INFO  o.r.controllers.UserController - user login successfully sec@mail.com
2025-03-23 15:25:04 [JettyServerThreadPool-26] INFO  o.r.controllers.UserController - Cart item added successfully 0
2025-03-23 15:25:40 [JettyServerThreadPool-26] INFO  o.r.controllers.UserController - Cart item added successfully 0
2025-03-23 15:25:56 [JettyServerThreadPool-30] INFO  o.r.controllers.UserController - Cart item added successfully 0
2025-03-23 17:43:11 [main] INFO  io.javalin.Javalin - Starting Javalin ...
2025-03-23 17:43:11 [main] INFO  org.eclipse.jetty.server.Server - jetty-11.0.24; built: 2024-08-26T18:11:22.448Z; git: 5dfc59a691b748796f922208956bd1f2794bcd16; jvm 22.0.1+8-16
2025-03-23 17:43:11 [main] INFO  o.e.j.s.s.DefaultSessionIdManager - Session workerName=node0
2025-03-23 17:43:11 [main] INFO  o.e.j.server.handler.ContextHandler - Started o.e.j.s.ServletContextHandler@1e8b7643{/,null,AVAILABLE}
2025-03-23 17:43:11 [main] INFO  o.e.jetty.server.AbstractConnector - Started ServerConnector@5c7933ad{HTTP/1.1, (http/1.1)}{0.0.0.0:7070}
2025-03-23 17:43:11 [main] INFO  org.eclipse.jetty.server.Server - Started Server@7486b455{STARTING}[11.0.24,sto=0] @1261ms
2025-03-23 17:43:11 [main] INFO  io.javalin.Javalin - 
       __                  ___           _____
      / /___ __   ______ _/ (_)___      / ___/
 __  / / __ `/ | / / __ `/ / / __ \    / __ \
/ /_/ / /_/ /| |/ / /_/ / / / / / /   / /_/ /
\____/\__,_/ |___/\__,_/_/_/_/ /_/    \____/

       https://javalin.io/documentation

2025-03-23 17:43:11 [main] INFO  io.javalin.Javalin - Javalin started in 422ms \o/
2025-03-23 17:43:11 [main] INFO  io.javalin.Javalin - Listening on http://localhost:7070/
2025-03-23 17:43:11 [main] INFO  io.javalin.Javalin - You are running Javalin 6.5.0 (released March 9, 2025).
2025-03-23 17:44:05 [JettyServerThreadPool-29] INFO  o.r.controllers.UserController - user login successfully sec@mail.com
2025-03-23 17:44:42 [main] INFO  io.javalin.Javalin - Starting Javalin ...
2025-03-23 17:44:42 [main] INFO  org.eclipse.jetty.server.Server - jetty-11.0.24; built: 2024-08-26T18:11:22.448Z; git: 5dfc59a691b748796f922208956bd1f2794bcd16; jvm 22.0.1+8-16
2025-03-23 17:44:42 [main] INFO  o.e.j.s.s.DefaultSessionIdManager - Session workerName=node0
2025-03-23 17:44:42 [main] INFO  o.e.j.server.handler.ContextHandler - Started o.e.j.s.ServletContextHandler@51549490{/,null,AVAILABLE}
2025-03-23 17:44:42 [main] INFO  o.e.jetty.server.AbstractConnector - Started ServerConnector@4b8d604b{HTTP/1.1, (http/1.1)}{0.0.0.0:7070}
2025-03-23 17:44:42 [main] INFO  org.eclipse.jetty.server.Server - Started Server@5efa40fe{STARTING}[11.0.24,sto=0] @1279ms
2025-03-23 17:44:42 [main] INFO  io.javalin.Javalin - 
       __                  ___           _____
      / /___ __   ______ _/ (_)___      / ___/
 __  / / __ `/ | / / __ `/ / / __ \    / __ \
/ /_/ / /_/ /| |/ / /_/ / / / / / /   / /_/ /
\____/\__,_/ |___/\__,_/_/_/_/ /_/    \____/

       https://javalin.io/documentation

2025-03-23 17:44:42 [main] INFO  io.javalin.Javalin - Javalin started in 404ms \o/
2025-03-23 17:44:42 [main] INFO  io.javalin.Javalin - Listening on http://localhost:7070/
2025-03-23 17:44:42 [main] INFO  io.javalin.Javalin - You are running Javalin 6.5.0 (released March 9, 2025).
2025-03-23 17:45:01 [JettyServerThreadPool-28] INFO  o.r.controllers.UserController - user login successfully sec@mail.com
2025-03-23 17:59:49 [main] INFO  io.javalin.Javalin - Starting Javalin ...
2025-03-23 17:59:49 [main] INFO  org.eclipse.jetty.server.Server - jetty-11.0.24; built: 2024-08-26T18:11:22.448Z; git: 5dfc59a691b748796f922208956bd1f2794bcd16; jvm 22.0.1+8-16
2025-03-23 17:59:49 [main] INFO  o.e.j.s.s.DefaultSessionIdManager - Session workerName=node0
2025-03-23 17:59:49 [main] INFO  o.e.j.server.handler.ContextHandler - Started o.e.j.s.ServletContextHandler@50de186c{/,null,AVAILABLE}
2025-03-23 17:59:49 [main] INFO  o.e.jetty.server.AbstractConnector - Started ServerConnector@5c7933ad{HTTP/1.1, (http/1.1)}{0.0.0.0:7070}
2025-03-23 17:59:49 [main] INFO  org.eclipse.jetty.server.Server - Started Server@7486b455{STARTING}[11.0.24,sto=0] @1309ms
2025-03-23 17:59:49 [main] INFO  io.javalin.Javalin - 
       __                  ___           _____
      / /___ __   ______ _/ (_)___      / ___/
 __  / / __ `/ | / / __ `/ / / __ \    / __ \
/ /_/ / /_/ /| |/ / /_/ / / / / / /   / /_/ /
\____/\__,_/ |___/\__,_/_/_/_/ /_/    \____/

       https://javalin.io/documentation

2025-03-23 17:59:49 [main] INFO  io.javalin.Javalin - Javalin started in 409ms \o/
2025-03-23 17:59:49 [main] INFO  io.javalin.Javalin - Listening on http://localhost:7070/
2025-03-23 17:59:49 [main] INFO  io.javalin.Javalin - You are running Javalin 6.5.0 (released March 9, 2025).
2025-03-23 18:00:49 [main] INFO  io.javalin.Javalin - Starting Javalin ...
2025-03-23 18:00:49 [main] INFO  org.eclipse.jetty.server.Server - jetty-11.0.24; built: 2024-08-26T18:11:22.448Z; git: 5dfc59a691b748796f922208956bd1f2794bcd16; jvm 22.0.1+8-16
2025-03-23 18:00:49 [main] INFO  o.e.j.s.s.DefaultSessionIdManager - Session workerName=node0
2025-03-23 18:00:49 [main] INFO  o.e.j.server.handler.ContextHandler - Started o.e.j.s.ServletContextHandler@31add175{/,null,AVAILABLE}
2025-03-23 18:00:49 [main] INFO  o.e.jetty.server.AbstractConnector - Started ServerConnector@194fad1{HTTP/1.1, (http/1.1)}{0.0.0.0:7070}
2025-03-23 18:00:49 [main] INFO  org.eclipse.jetty.server.Server - Started Server@7dc19a70{STARTING}[11.0.24,sto=0] @1379ms
2025-03-23 18:00:49 [main] INFO  io.javalin.Javalin - 
       __                  ___           _____
      / /___ __   ______ _/ (_)___      / ___/
 __  / / __ `/ | / / __ `/ / / __ \    / __ \
/ /_/ / /_/ /| |/ / /_/ / / / / / /   / /_/ /
\____/\__,_/ |___/\__,_/_/_/_/ /_/    \____/

       https://javalin.io/documentation

2025-03-23 18:00:49 [main] INFO  io.javalin.Javalin - Javalin started in 422ms \o/
2025-03-23 18:00:49 [main] INFO  io.javalin.Javalin - Listening on http://localhost:7070/
2025-03-23 18:00:49 [main] INFO  io.javalin.Javalin - You are running Javalin 6.5.0 (released March 9, 2025).
2025-03-23 18:01:59 [JettyServerThreadPool-31] INFO  o.r.controllers.UserController - user login successfully sec@mail.com
2025-03-23 18:03:58 [main] INFO  io.javalin.Javalin - Starting Javalin ...
2025-03-23 18:03:58 [main] INFO  org.eclipse.jetty.server.Server - jetty-11.0.24; built: 2024-08-26T18:11:22.448Z; git: 5dfc59a691b748796f922208956bd1f2794bcd16; jvm 22.0.1+8-16
2025-03-23 18:03:58 [main] INFO  o.e.j.s.s.DefaultSessionIdManager - Session workerName=node0
2025-03-23 18:03:58 [main] INFO  o.e.j.server.handler.ContextHandler - Started o.e.j.s.ServletContextHandler@51549490{/,null,AVAILABLE}
2025-03-23 18:03:58 [main] INFO  o.e.jetty.server.AbstractConnector - Started ServerConnector@57bc27f5{HTTP/1.1, (http/1.1)}{0.0.0.0:7070}
2025-03-23 18:03:58 [main] INFO  org.eclipse.jetty.server.Server - Started Server@660acfb{STARTING}[11.0.24,sto=0] @1226ms
2025-03-23 18:03:58 [main] INFO  io.javalin.Javalin - 
       __                  ___           _____
      / /___ __   ______ _/ (_)___      / ___/
 __  / / __ `/ | / / __ `/ / / __ \    / __ \
/ /_/ / /_/ /| |/ / /_/ / / / / / /   / /_/ /
\____/\__,_/ |___/\__,_/_/_/_/ /_/    \____/

       https://javalin.io/documentation

2025-03-23 18:03:58 [main] INFO  io.javalin.Javalin - Javalin started in 416ms \o/
2025-03-23 18:03:58 [main] INFO  io.javalin.Javalin - Listening on http://localhost:7070/
2025-03-23 18:03:58 [main] INFO  io.javalin.Javalin - You are running Javalin 6.5.0 (released March 9, 2025).
2025-03-23 18:04:08 [JettyServerThreadPool-32] INFO  o.r.controllers.UserController - user login successfully sec@mail.com
2025-03-23 18:04:48 [JettyServerThreadPool-30] WARN  o.r.controllers.UserController - Cart item not updated 0
2025-03-23 18:07:11 [main] INFO  io.javalin.Javalin - Starting Javalin ...
2025-03-23 18:07:11 [main] INFO  org.eclipse.jetty.server.Server - jetty-11.0.24; built: 2024-08-26T18:11:22.448Z; git: 5dfc59a691b748796f922208956bd1f2794bcd16; jvm 22.0.1+8-16
2025-03-23 18:07:11 [main] INFO  o.e.j.s.s.DefaultSessionIdManager - Session workerName=node0
2025-03-23 18:07:11 [main] INFO  o.e.j.server.handler.ContextHandler - Started o.e.j.s.ServletContextHandler@51549490{/,null,AVAILABLE}
2025-03-23 18:07:12 [main] INFO  o.e.jetty.server.AbstractConnector - Started ServerConnector@57bc27f5{HTTP/1.1, (http/1.1)}{0.0.0.0:7070}
2025-03-23 18:07:12 [main] INFO  org.eclipse.jetty.server.Server - Started Server@660acfb{STARTING}[11.0.24,sto=0] @1254ms
2025-03-23 18:07:12 [main] INFO  io.javalin.Javalin - 
       __                  ___           _____
      / /___ __   ______ _/ (_)___      / ___/
 __  / / __ `/ | / / __ `/ / / __ \    / __ \
/ /_/ / /_/ /| |/ / /_/ / / / / / /   / /_/ /
\____/\__,_/ |___/\__,_/_/_/_/ /_/    \____/

       https://javalin.io/documentation

2025-03-23 18:07:12 [main] INFO  io.javalin.Javalin - Javalin started in 417ms \o/
2025-03-23 18:07:12 [main] INFO  io.javalin.Javalin - Listening on http://localhost:7070/
2025-03-23 18:07:12 [main] INFO  io.javalin.Javalin - You are running Javalin 6.5.0 (released March 9, 2025).
2025-03-23 18:07:19 [JettyServerThreadPool-28] INFO  o.r.controllers.UserController - user login successfully sec@mail.com
2025-03-23 18:07:25 [JettyServerThreadPool-25] INFO  o.r.controllers.UserController - Checking if cart item exists in cart 0
2025-03-23 18:07:25 [JettyServerThreadPool-25] WARN  o.r.controllers.UserController - Cart item not updated 0
2025-03-23 18:09:02 [main] INFO  io.javalin.Javalin - Starting Javalin ...
2025-03-23 18:09:02 [main] INFO  org.eclipse.jetty.server.Server - jetty-11.0.24; built: 2024-08-26T18:11:22.448Z; git: 5dfc59a691b748796f922208956bd1f2794bcd16; jvm 22.0.1+8-16
2025-03-23 18:09:03 [main] INFO  o.e.j.s.s.DefaultSessionIdManager - Session workerName=node0
2025-03-23 18:09:03 [main] INFO  o.e.j.server.handler.ContextHandler - Started o.e.j.s.ServletContextHandler@71e9ebae{/,null,AVAILABLE}
2025-03-23 18:09:03 [main] INFO  o.e.jetty.server.AbstractConnector - Started ServerConnector@5e7cd6cc{HTTP/1.1, (http/1.1)}{0.0.0.0:7070}
2025-03-23 18:09:03 [main] INFO  org.eclipse.jetty.server.Server - Started Server@1f9f6368{STARTING}[11.0.24,sto=0] @1356ms
2025-03-23 18:09:03 [main] INFO  io.javalin.Javalin - 
       __                  ___           _____
      / /___ __   ______ _/ (_)___      / ___/
 __  / / __ `/ | / / __ `/ / / __ \    / __ \
/ /_/ / /_/ /| |/ / /_/ / / / / / /   / /_/ /
\____/\__,_/ |___/\__,_/_/_/_/ /_/    \____/

       https://javalin.io/documentation

2025-03-23 18:09:03 [main] INFO  io.javalin.Javalin - Javalin started in 481ms \o/
2025-03-23 18:09:03 [main] INFO  io.javalin.Javalin - Listening on http://localhost:7070/
2025-03-23 18:09:03 [main] INFO  io.javalin.Javalin - You are running Javalin 6.5.0 (released March 9, 2025).
2025-03-23 18:09:08 [JettyServerThreadPool-29] INFO  o.r.controllers.UserController - user login successfully sec@mail.com
2025-03-23 18:09:26 [JettyServerThreadPool-30] INFO  o.r.controllers.UserController - Checking if cart item exists in cart 8
2025-03-23 18:09:26 [JettyServerThreadPool-30] INFO  o.r.controllers.UserController - Car item found in car0
2025-03-23 18:09:26 [JettyServerThreadPool-30] INFO  o.r.controllers.UserController - Cart item updated successfully 0
2025-03-23 21:34:34 [main] INFO  io.javalin.Javalin - Starting Javalin ...
2025-03-23 21:34:34 [main] INFO  org.eclipse.jetty.server.Server - jetty-11.0.24; built: 2024-08-26T18:11:22.448Z; git: 5dfc59a691b748796f922208956bd1f2794bcd16; jvm 22.0.1+8-16
2025-03-23 21:34:34 [main] INFO  o.e.j.s.s.DefaultSessionIdManager - Session workerName=node0
2025-03-23 21:34:34 [main] INFO  o.e.j.server.handler.ContextHandler - Started o.e.j.s.ServletContextHandler@71e9ebae{/,null,AVAILABLE}
2025-03-23 21:34:34 [main] INFO  o.e.jetty.server.AbstractConnector - Started ServerConnector@5e7cd6cc{HTTP/1.1, (http/1.1)}{0.0.0.0:7070}
2025-03-23 21:34:34 [main] INFO  org.eclipse.jetty.server.Server - Started Server@1f9f6368{STARTING}[11.0.24,sto=0] @1337ms
2025-03-23 21:34:34 [main] INFO  io.javalin.Javalin - 
       __                  ___           _____
      / /___ __   ______ _/ (_)___      / ___/
 __  / / __ `/ | / / __ `/ / / __ \    / __ \
/ /_/ / /_/ /| |/ / /_/ / / / / / /   / /_/ /
\____/\__,_/ |___/\__,_/_/_/_/ /_/    \____/

       https://javalin.io/documentation

2025-03-23 21:34:34 [main] INFO  io.javalin.Javalin - Javalin started in 437ms \o/
2025-03-23 21:34:34 [main] INFO  io.javalin.Javalin - Listening on http://localhost:7070/
2025-03-23 21:34:34 [main] INFO  io.javalin.Javalin - You are running Javalin 6.5.0 (released March 9, 2025).
2025-03-23 21:36:33 [JettyServerThreadPool-32] INFO  o.r.controllers.UserController - user login successfully sec@mail.com
2025-03-23 21:37:39 [main] INFO  io.javalin.Javalin - Starting Javalin ...
2025-03-23 21:37:39 [main] INFO  org.eclipse.jetty.server.Server - jetty-11.0.24; built: 2024-08-26T18:11:22.448Z; git: 5dfc59a691b748796f922208956bd1f2794bcd16; jvm 22.0.1+8-16
2025-03-23 21:37:39 [main] INFO  o.e.j.s.s.DefaultSessionIdManager - Session workerName=node0
2025-03-23 21:37:39 [main] INFO  o.e.j.server.handler.ContextHandler - Started o.e.j.s.ServletContextHandler@71e9ebae{/,null,AVAILABLE}
2025-03-23 21:37:39 [main] INFO  o.e.jetty.server.AbstractConnector - Started ServerConnector@5e7cd6cc{HTTP/1.1, (http/1.1)}{0.0.0.0:7070}
2025-03-23 21:37:39 [main] INFO  org.eclipse.jetty.server.Server - Started Server@1f9f6368{STARTING}[11.0.24,sto=0] @1270ms
2025-03-23 21:37:39 [main] INFO  io.javalin.Javalin - 
       __                  ___           _____
      / /___ __   ______ _/ (_)___      / ___/
 __  / / __ `/ | / / __ `/ / / __ \    / __ \
/ /_/ / /_/ /| |/ / /_/ / / / / / /   / /_/ /
\____/\__,_/ |___/\__,_/_/_/_/ /_/    \____/

       https://javalin.io/documentation

2025-03-23 21:37:39 [main] INFO  io.javalin.Javalin - Javalin started in 442ms \o/
2025-03-23 21:37:39 [main] INFO  io.javalin.Javalin - Listening on http://localhost:7070/
2025-03-23 21:37:39 [main] INFO  io.javalin.Javalin - You are running Javalin 6.5.0 (released March 9, 2025).
2025-03-23 21:37:47 [JettyServerThreadPool-29] INFO  o.r.controllers.UserController - user login successfully sec@mail.com
2025-03-23 21:51:07 [main] INFO  io.javalin.Javalin - Starting Javalin ...
2025-03-23 21:51:07 [main] INFO  org.eclipse.jetty.server.Server - jetty-11.0.24; built: 2024-08-26T18:11:22.448Z; git: 5dfc59a691b748796f922208956bd1f2794bcd16; jvm 22.0.1+8-16
2025-03-23 21:51:07 [main] INFO  o.e.j.s.s.DefaultSessionIdManager - Session workerName=node0
2025-03-23 21:51:07 [main] INFO  o.e.j.server.handler.ContextHandler - Started o.e.j.s.ServletContextHandler@71e9ebae{/,null,AVAILABLE}
2025-03-23 21:51:08 [main] INFO  o.e.jetty.server.AbstractConnector - Started ServerConnector@5e7cd6cc{HTTP/1.1, (http/1.1)}{0.0.0.0:7070}
2025-03-23 21:51:08 [main] INFO  org.eclipse.jetty.server.Server - Started Server@1f9f6368{STARTING}[11.0.24,sto=0] @1268ms
2025-03-23 21:51:08 [main] INFO  io.javalin.Javalin - 
       __                  ___           _____
      / /___ __   ______ _/ (_)___      / ___/
 __  / / __ `/ | / / __ `/ / / __ \    / __ \
/ /_/ / /_/ /| |/ / /_/ / / / / / /   / /_/ /
\____/\__,_/ |___/\__,_/_/_/_/ /_/    \____/

       https://javalin.io/documentation

2025-03-23 21:51:08 [main] INFO  io.javalin.Javalin - Javalin started in 413ms \o/
2025-03-23 21:51:08 [main] INFO  io.javalin.Javalin - Listening on http://localhost:7070/
2025-03-23 21:51:08 [main] INFO  io.javalin.Javalin - You are running Javalin 6.5.0 (released March 9, 2025).
2025-03-23 21:53:03 [main] INFO  io.javalin.Javalin - Starting Javalin ...
2025-03-23 21:53:03 [main] INFO  org.eclipse.jetty.server.Server - jetty-11.0.24; built: 2024-08-26T18:11:22.448Z; git: 5dfc59a691b748796f922208956bd1f2794bcd16; jvm 22.0.1+8-16
2025-03-23 21:53:03 [main] INFO  o.e.j.s.s.DefaultSessionIdManager - Session workerName=node0
2025-03-23 21:53:03 [main] INFO  o.e.j.server.handler.ContextHandler - Started o.e.j.s.ServletContextHandler@73d983ea{/,null,AVAILABLE}
2025-03-23 21:53:03 [main] INFO  o.e.jetty.server.AbstractConnector - Started ServerConnector@4b8d604b{HTTP/1.1, (http/1.1)}{0.0.0.0:7070}
2025-03-23 21:53:03 [main] INFO  org.eclipse.jetty.server.Server - Started Server@5efa40fe{STARTING}[11.0.24,sto=0] @1216ms
2025-03-23 21:53:03 [main] INFO  io.javalin.Javalin - 
       __                  ___           _____
      / /___ __   ______ _/ (_)___      / ___/
 __  / / __ `/ | / / __ `/ / / __ \    / __ \
/ /_/ / /_/ /| |/ / /_/ / / / / / /   / /_/ /
\____/\__,_/ |___/\__,_/_/_/_/ /_/    \____/

       https://javalin.io/documentation

2025-03-23 21:53:03 [main] INFO  io.javalin.Javalin - Javalin started in 417ms \o/
2025-03-23 21:53:03 [main] INFO  io.javalin.Javalin - Listening on http://localhost:7070/
2025-03-23 21:53:03 [main] INFO  io.javalin.Javalin - You are running Javalin 6.5.0 (released March 9, 2025).
2025-03-23 21:53:18 [JettyServerThreadPool-32] INFO  o.r.controllers.UserController - Products found successfully
2025-03-23 21:54:26 [main] INFO  io.javalin.Javalin - Starting Javalin ...
2025-03-23 21:54:26 [main] INFO  org.eclipse.jetty.server.Server - jetty-11.0.24; built: 2024-08-26T18:11:22.448Z; git: 5dfc59a691b748796f922208956bd1f2794bcd16; jvm 22.0.1+8-16
2025-03-23 21:54:27 [main] INFO  o.e.j.s.s.DefaultSessionIdManager - Session workerName=node0
2025-03-23 21:54:27 [main] INFO  o.e.j.server.handler.ContextHandler - Started o.e.j.s.ServletContextHandler@73d983ea{/,null,AVAILABLE}
2025-03-23 21:54:27 [main] INFO  o.e.jetty.server.AbstractConnector - Started ServerConnector@4b8d604b{HTTP/1.1, (http/1.1)}{0.0.0.0:7070}
2025-03-23 21:54:27 [main] INFO  org.eclipse.jetty.server.Server - Started Server@5efa40fe{STARTING}[11.0.24,sto=0] @1252ms
2025-03-23 21:54:27 [main] INFO  io.javalin.Javalin - 
       __                  ___           _____
      / /___ __   ______ _/ (_)___      / ___/
 __  / / __ `/ | / / __ `/ / / __ \    / __ \
/ /_/ / /_/ /| |/ / /_/ / / / / / /   / /_/ /
\____/\__,_/ |___/\__,_/_/_/_/ /_/    \____/

       https://javalin.io/documentation

2025-03-23 21:54:27 [main] INFO  io.javalin.Javalin - Javalin started in 404ms \o/
2025-03-23 21:54:27 [main] INFO  io.javalin.Javalin - Listening on http://localhost:7070/
2025-03-23 21:54:27 [main] INFO  io.javalin.Javalin - You are running Javalin 6.5.0 (released March 9, 2025).
2025-03-23 21:54:32 [JettyServerThreadPool-32] INFO  o.r.controllers.UserController - Products found successfully
